e:\nspool\colormap\colormap\debug\vc140.pdb
e:\nspool\colormap\colormap\debug\vc140.idb
e:\nspool\colormap\colormap\debug\colormap.obj
e:\nspool\colormap\colormap\debug\colormap.ilk
e:\nspool\colormap\colormap\debug\colormap.exe
e:\nspool\colormap\colormap\debug\colormap.pdb
c:\users\dalton\documents\ece385\nspool\colormap\colormap\debug\colormap.obj
c:\users\dalton\documents\ece385\nspool\colormap\colormap\debug\colormap.ilk
c:\users\dalton\documents\ece385\nspool\colormap\colormap\debug\vc120.idb
c:\users\dalton\documents\ece385\nspool\colormap\colormap\debug\vc140.idb
c:\users\dalton\documents\ece385\nspool\colormap\colormap\debug\colormap.pdb
c:\users\dalton\documents\ece385\nspool\colormap\colormap\debug\vc120.pdb
c:\users\dalton\documents\ece385\nspool\colormap\colormap\debug\vc140.pdb
c:\users\dalton\documents\ece385\nspool\colormap\colormap\debug\colormap.exe
c:\users\dalton\documents\ece385\nspool\colormap\colormap\debug\colormap.tlog\cl.command.1.tlog
c:\users\dalton\documents\ece385\nspool\colormap\colormap\debug\colormap.tlog\cl.read.1.tlog
c:\users\dalton\documents\ece385\nspool\colormap\colormap\debug\colormap.tlog\cl.write.1.tlog
c:\users\dalton\documents\ece385\nspool\colormap\colormap\debug\colormap.tlog\link.command.1.tlog
c:\users\dalton\documents\ece385\nspool\colormap\colormap\debug\colormap.tlog\link.read.1.tlog
c:\users\dalton\documents\ece385\nspool\colormap\colormap\debug\colormap.tlog\link.write.1.tlog
